2026-03-24 12:23:03.023 INFO: ===========VERIFYING SETTINGS===========
2026-03-24 12:23:03.025 INFO: MACE version: 0.3.15
2026-03-24 12:23:03.027 DEBUG: Configuration: Namespace(config='finetune.yaml', name='mace-mh-1_finetuned_FeB', seed=123, work_dir='.', log_dir='./logs', model_dir='.', checkpoints_dir='./checkpoints', results_dir='./results', downloads_dir='./downloads', device='cuda', default_dtype='float64', distributed=False, launcher='slurm', log_level='INFO', plot=True, plot_frequency=0, plot_interaction_e=False, error_table='PerAtomRMSE', model='MACE', r_max=5.0, radial_type='bessel', num_radial_basis=8, num_cutoff_basis=5, pair_repulsion=False, distance_transform='None', apply_cutoff=True, use_last_readout_only=False, use_embedding_readout=False, interaction='RealAgnosticResidualInteractionBlock', interaction_first='RealAgnosticResidualInteractionBlock', max_ell=3, correlation=3, use_reduced_cg=False, use_so3=False, use_agnostic_product=False, num_interactions=2, MLP_irreps='16x0e', radial_MLP='[64, 64, 64]', hidden_irreps='128x0e + 128x1o', edge_irreps=None, num_channels=128, max_L=1, gate='silu', scaling='rms_forces_scaling', avg_num_neighbors=1, compute_avg_num_neighbors=True, compute_stress=True, compute_forces=True, compute_polarizability=False, compute_atomic_dipole=False, train_file='train.xyz', valid_file=None, valid_fraction=0.1, test_file=None, test_dir=None, multi_processed_test=False, num_workers=0, pin_memory=True, atomic_numbers='[5, 26]', mean=None, std=None, statistics_file=None, les_arguments=None, E0s='average', pseudolabel_replay=False, pseudolabel_replay_compute_stress=False, foundation_filter_elements=True, heads=None, multiheads_finetuning=False, foundation_head='matpes_r2scan', weight_pt_head=1.0, real_pt_data_ratio_threshold=0.1, num_samples_pt=288, force_mh_ft_lr=False, subselect_pt='fps', filter_type_pt='combinations', allow_random_padding_pt=True, pt_train_file='matpes-r2scan-FeB-mixed.xyz', pt_valid_file=None, foundation_model_elements=False, keep_isolated_atoms=False, lora=False, lora_rank=4, lora_alpha=1.0, energy_key='energy', forces_key='forces', virials_key='REF_virials', stress_key='stress', dipole_key='dipole', polarizability_key='polarizability', head_key='head', charges_key='REF_charges', elec_temp_key='elec_temp', total_spin_key='total_spin', total_charge_key='total_charge', embedding_specs=None, skip_evaluate_heads='pt_head', loss='universal', forces_weight=100.0, swa_forces_weight=100.0, energy_weight=1.0, swa_energy_weight=1000.0, virials_weight=1.0, swa_virials_weight=10.0, stress_weight=1.0, swa_stress_weight=10.0, dipole_weight=1.0, swa_dipole_weight=1.0, swa_polarizability_weight=1.0, polarizability_weight=1.0, config_type_weights='{"Default":1.0}', huber_delta=0.01, optimizer='adam', beta=0.9, beta1_schedulefree=0.9, beta2_schedulefree=0.98, batch_size=4, valid_batch_size=4, lr=0.001, swa_lr=0.001, weight_decay=5e-07, lr_params_factors='{"embedding_lr_factor": 1.0, "interactions_lr_factor": 1.0, "products_lr_factor": 1.0, "readouts_lr_factor": 1.0}', freeze=None, amsgrad=True, scheduler='ReduceLROnPlateau', lr_factor=0.8, scheduler_patience=10, lr_scheduler_gamma=0.9993, swa=False, start_swa=None, lbfgs=False, ema=False, ema_decay=0.99, max_num_epochs=200, patience=20, foundation_model='mace-mh-1.model', foundation_model_kwargs='{}', foundation_model_readout=True, eval_interval=1, keep_checkpoints=False, save_all_checkpoints=False, restart_latest=False, save_cpu=False, clip_grad=10.0, dry_run=False, enable_cueq=False, only_cueq=False, enable_oeq=False, wandb=False, wandb_dir=None, wandb_project='', wandb_entity='', wandb_name='', wandb_log_hypers=['num_channels', 'max_L', 'correlation', 'lr', 'swa_lr', 'weight_decay', 'batch_size', 'max_num_epochs', 'start_swa', 'energy_weight', 'forces_weight'], key_specification=KeySpecification(info_keys={'energy': 'energy', 'stress': 'stress', 'virials': 'REF_virials', 'dipole': 'dipole', 'head': 'head', 'elec_temp': 'elec_temp', 'total_charge': 'total_charge', 'polarizability': 'polarizability', 'total_spin': 'total_spin'}, arrays_keys={'forces': 'forces', 'charges': 'REF_charges'}))
2026-03-24 12:23:03.432 INFO: CUDA version: 12.8, CUDA device: 0
2026-03-24 12:23:05.206 DEBUG: Popen(['git', 'version'], cwd=/scratch/zihan.zhang/Fe-B/2, stdin=None, shell=False, universal_newlines=False)
2026-03-24 12:23:05.226 DEBUG: Popen(['git', 'version'], cwd=/scratch/zihan.zhang/Fe-B/2, stdin=None, shell=False, universal_newlines=False)
2026-03-24 12:23:05.241 DEBUG: sys.platform='linux', git_executable='git'
2026-03-24 12:23:05.273 DEBUG: Error accessing Git repository: /scratch/zihan.zhang/Fe-B/2
2026-03-24 12:23:05.912 INFO: Using foundation model mace-mh-1.model as initial checkpoint.
2026-03-24 12:23:05.916 INFO: Selecting the head matpes_r2scan as foundation head.
2026-03-24 12:23:09.192 INFO: ===========LOADING INPUT DATA===========
2026-03-24 12:23:09.194 INFO: Using heads: ['Default']
2026-03-24 12:23:09.196 INFO: Using the key specifications to parse data:
2026-03-24 12:23:09.197 INFO: Default: KeySpecification(info_keys={'energy': 'energy', 'stress': 'stress', 'virials': 'REF_virials', 'dipole': 'dipole', 'head': 'head', 'elec_temp': 'elec_temp', 'total_charge': 'total_charge', 'polarizability': 'polarizability', 'total_spin': 'total_spin'}, arrays_keys={'forces': 'forces', 'charges': 'REF_charges'})
2026-03-24 12:23:09.199 INFO: =============    Processing head Default     ===========
2026-03-24 12:23:09.201 DEBUG: Loading training file: train.xyz
2026-03-24 12:23:11.436 WARNING: Since ASE version 3.23.0b1, using energy_key 'energy' is no longer safe when communicating between MACE and ASE. We recommend using a different key, rewriting 'energy' to 'REF_energy'. You need to use --energy_key='REF_energy' to specify the chosen key name.
2026-03-24 12:23:11.918 WARNING: Since ASE version 3.23.0b1, using forces_key 'forces' is no longer safe when communicating between MACE and ASE. We recommend using a different key, rewriting 'forces' to 'REF_forces'. You need to use --forces_key='REF_forces' to specify the chosen key name.
2026-03-24 12:23:12.392 WARNING: Since ASE version 3.23.0b1, using stress_key 'stress' is no longer safe when communicating between MACE and ASE. We recommend using a different key, rewriting 'stress' to 'REF_stress'. You need to use --stress_key='REF_stress' to specify the chosen key name.
2026-03-24 12:23:13.241 INFO: Training set 1/1 [energy: 6823, stress: 6823, virials: 0, dipole components: 0, head: 6823, elec_temp: 0, total_charge: 0, polarizability: 0, total_spin: 0, forces: 6823, charges: 0]
2026-03-24 12:23:13.269 INFO: Total Training set [energy: 6823, stress: 6823, virials: 0, dipole components: 0, head: 6823, elec_temp: 0, total_charge: 0, polarizability: 0, total_spin: 0, forces: 6823, charges: 0]
2026-03-24 12:23:13.271 INFO: No validation set provided, splitting training data instead.
2026-03-24 12:23:13.276 INFO: Using random 10% of training set for validation with indices saved in: ./mace-mh-1_finetuned_FeB_valid_indices_123.txt
2026-03-24 12:23:13.305 INFO: Random Split Training set [energy: 6141, stress: 6141, virials: 0, dipole components: 0, head: 6141, elec_temp: 0, total_charge: 0, polarizability: 0, total_spin: 0, forces: 6141, charges: 0]
2026-03-24 12:23:13.310 INFO: Random Split Validation set [energy: 682, stress: 682, virials: 0, dipole components: 0, head: 682, elec_temp: 0, total_charge: 0, polarizability: 0, total_spin: 0, forces: 682, charges: 0]
2026-03-24 12:23:13.311 INFO: Total number of configurations: train=6141, valid=682, tests=[],
2026-03-24 12:23:13.313 INFO: Using atomic numbers from command line argument
2026-03-24 12:23:13.315 INFO: Atomic Numbers used: [5, 26]
2026-03-24 12:23:13.316 INFO: Isolated Atomic Energies (E0s) not in training file, using command line argument
2026-03-24 12:23:13.318 INFO: Computing average Atomic Energies using least squares regression
2026-03-24 12:23:13.374 INFO: Atomic Energies used (z: eV) for head Default: {5: -6.791769998044113, 26: -14.34007209209188}
2026-03-24 12:23:13.375 INFO: Processing datasets for head 'Default'
2026-03-24 12:23:26.274 DEBUG: Successfully loaded dataset from ASE files: ['train.xyz']
2026-03-24 12:23:26.275 INFO: Combining 1 list datasets for head 'Default'
2026-03-24 12:23:27.680 INFO: Head 'Default' training dataset size: 6141
2026-03-24 12:23:27.682 INFO: Computing average number of neighbors
2026-03-24 12:23:32.797 WARNING: Unusual average number of neighbors: 115.0
2026-03-24 12:23:32.799 INFO: During training the following quantities will be reported: energy, forces, stress
2026-03-24 12:23:32.801 INFO: ===========MODEL DETAILS===========
2026-03-24 12:23:36.518 INFO: Loading FOUNDATION model
2026-03-24 12:23:36.520 INFO: Using filtered elements: [5, 26]
2026-03-24 12:23:36.522 INFO: Model configuration extracted from foundation model
2026-03-24 12:23:36.523 INFO: Using universal loss function for fine-tuning
2026-03-24 12:23:36.525 INFO: Message passing with hidden irreps 512x0e+512x1o)
2026-03-24 12:23:36.527 INFO: 2 layers, each with correlation order: 3 (body order: 4) and spherical harmonics up to: l=3
2026-03-24 12:23:36.528 INFO: Radial cutoff: 6.0 A (total receptive field for each atom: 12.0 A)
2026-03-24 12:23:36.530 INFO: Distance transform for radial basis functions: Agnesi
2026-03-24 12:23:38.422 INFO: ===========OPTIMIZER INFORMATION===========
2026-03-24 12:23:38.424 INFO: Using ADAM as parameter optimizer
2026-03-24 12:23:38.426 INFO: Batch size: 4
2026-03-24 12:23:38.427 INFO: Number of gradient updates: 307050
2026-03-24 12:23:38.429 INFO: Learning rate: 0.001, weight decay: 5e-07
2026-03-24 12:23:38.430 INFO: UniversalLoss(energy_weight=1.000, forces_weight=100.000, stress_weight=1.000)
2026-03-24 12:23:38.432 INFO: === Layer's learning rates ===
2026-03-24 12:23:38.434 INFO: Param group 0: lr = 0.001
2026-03-24 12:23:38.435 INFO: Param group 1: lr = 0.001
2026-03-24 12:23:38.437 INFO: Param group 2: lr = 0.001
2026-03-24 12:23:38.439 INFO: Param group 3: lr = 0.001
2026-03-24 12:23:38.440 INFO: Param group 4: lr = 0.001
2026-03-24 12:23:38.442 INFO: Using gradient clipping with tolerance=10.000
2026-03-24 12:23:38.443 INFO: 
2026-03-24 12:23:38.444 INFO: ===========TRAINING===========
2026-03-24 12:23:38.446 INFO: Started training, reporting errors on validation set
2026-03-24 12:23:38.447 INFO: Loss metrics on validation set
2026-03-24 12:24:03.944 INFO: Initial: head: Default, loss=0.06684904, RMSE_E_per_atom= 5489.63 meV, RMSE_F=  285.37 meV / A, RMSE_stress=    8.80 meV / A^3
2026-03-24 12:27:06.819 INFO: Epoch 0: head: Default, loss=0.03268304, RMSE_E_per_atom=   30.79 meV, RMSE_F=  202.61 meV / A, RMSE_stress=   17.22 meV / A^3
2026-03-24 12:27:06.822 DEBUG: Saving checkpoint: ./checkpoints/mace-mh-1_finetuned_FeB_run-123_epoch-0.pt
2026-03-24 12:30:03.910 INFO: Epoch 1: head: Default, loss=0.03473655, RMSE_E_per_atom=   19.97 meV, RMSE_F=  195.49 meV / A, RMSE_stress=   15.79 meV / A^3
2026-03-24 12:33:01.011 INFO: Epoch 2: head: Default, loss=0.03083823, RMSE_E_per_atom=   19.85 meV, RMSE_F=  205.14 meV / A, RMSE_stress=   14.77 meV / A^3
2026-03-24 12:33:01.014 DEBUG: Deleting old checkpoint file: ./checkpoints/mace-mh-1_finetuned_FeB_run-123_epoch-0.pt
2026-03-24 12:33:01.019 DEBUG: Saving checkpoint: ./checkpoints/mace-mh-1_finetuned_FeB_run-123_epoch-2.pt
2026-03-24 12:35:57.822 INFO: Epoch 3: head: Default, loss=0.02949268, RMSE_E_per_atom=   18.98 meV, RMSE_F=  205.84 meV / A, RMSE_stress=   11.02 meV / A^3
2026-03-24 12:35:57.825 DEBUG: Deleting old checkpoint file: ./checkpoints/mace-mh-1_finetuned_FeB_run-123_epoch-2.pt
2026-03-24 12:35:57.829 DEBUG: Saving checkpoint: ./checkpoints/mace-mh-1_finetuned_FeB_run-123_epoch-3.pt
2026-03-24 12:38:54.274 INFO: Epoch 4: head: Default, loss=0.02754215, RMSE_E_per_atom=   12.89 meV, RMSE_F=  167.78 meV / A, RMSE_stress=   10.49 meV / A^3
2026-03-24 12:38:54.278 DEBUG: Deleting old checkpoint file: ./checkpoints/mace-mh-1_finetuned_FeB_run-123_epoch-3.pt
2026-03-24 12:38:54.283 DEBUG: Saving checkpoint: ./checkpoints/mace-mh-1_finetuned_FeB_run-123_epoch-4.pt
2026-03-24 12:41:49.682 INFO: Epoch 5: head: Default, loss=0.02996771, RMSE_E_per_atom=   15.26 meV, RMSE_F=  184.81 meV / A, RMSE_stress=   10.22 meV / A^3
2026-03-24 12:44:44.826 INFO: Epoch 6: head: Default, loss=0.02725339, RMSE_E_per_atom=   17.53 meV, RMSE_F=  167.76 meV / A, RMSE_stress=    8.96 meV / A^3
2026-03-24 12:44:44.829 DEBUG: Deleting old checkpoint file: ./checkpoints/mace-mh-1_finetuned_FeB_run-123_epoch-4.pt
2026-03-24 12:44:44.834 DEBUG: Saving checkpoint: ./checkpoints/mace-mh-1_finetuned_FeB_run-123_epoch-6.pt
2026-03-24 12:47:40.489 INFO: Epoch 7: head: Default, loss=0.02605573, RMSE_E_per_atom=   12.33 meV, RMSE_F=  162.52 meV / A, RMSE_stress=    9.26 meV / A^3
2026-03-24 12:47:40.492 DEBUG: Deleting old checkpoint file: ./checkpoints/mace-mh-1_finetuned_FeB_run-123_epoch-6.pt
2026-03-24 12:47:40.496 DEBUG: Saving checkpoint: ./checkpoints/mace-mh-1_finetuned_FeB_run-123_epoch-7.pt
2026-03-24 12:50:36.443 INFO: Epoch 8: head: Default, loss=0.02955450, RMSE_E_per_atom=   36.09 meV, RMSE_F=  178.24 meV / A, RMSE_stress=   18.37 meV / A^3
2026-03-24 12:53:31.714 INFO: Epoch 9: head: Default, loss=0.02625807, RMSE_E_per_atom=   17.32 meV, RMSE_F=  172.05 meV / A, RMSE_stress=    7.59 meV / A^3
2026-03-24 12:56:27.368 INFO: Epoch 10: head: Default, loss=0.03056435, RMSE_E_per_atom=   22.22 meV, RMSE_F=  250.79 meV / A, RMSE_stress=   10.56 meV / A^3
2026-03-24 12:59:25.742 INFO: Epoch 11: head: Default, loss=0.02669988, RMSE_E_per_atom=   17.18 meV, RMSE_F=  168.99 meV / A, RMSE_stress=    8.77 meV / A^3
2026-03-24 13:02:23.423 INFO: Epoch 12: head: Default, loss=0.02550981, RMSE_E_per_atom=   21.27 meV, RMSE_F=  156.98 meV / A, RMSE_stress=    7.64 meV / A^3
2026-03-24 13:02:23.426 DEBUG: Deleting old checkpoint file: ./checkpoints/mace-mh-1_finetuned_FeB_run-123_epoch-7.pt
2026-03-24 13:02:23.432 DEBUG: Saving checkpoint: ./checkpoints/mace-mh-1_finetuned_FeB_run-123_epoch-12.pt
2026-03-24 13:05:20.882 INFO: Epoch 13: head: Default, loss=0.02679660, RMSE_E_per_atom=   14.46 meV, RMSE_F=  172.02 meV / A, RMSE_stress=    7.51 meV / A^3
2026-03-24 13:08:18.700 INFO: Epoch 14: head: Default, loss=0.02477349, RMSE_E_per_atom=   10.58 meV, RMSE_F=  156.07 meV / A, RMSE_stress=    7.41 meV / A^3
2026-03-24 13:08:18.703 DEBUG: Deleting old checkpoint file: ./checkpoints/mace-mh-1_finetuned_FeB_run-123_epoch-12.pt
2026-03-24 13:08:18.707 DEBUG: Saving checkpoint: ./checkpoints/mace-mh-1_finetuned_FeB_run-123_epoch-14.pt
2026-03-24 13:11:17.226 INFO: Epoch 15: head: Default, loss=0.02516497, RMSE_E_per_atom=    9.32 meV, RMSE_F=  158.62 meV / A, RMSE_stress=    6.53 meV / A^3
2026-03-24 13:14:12.726 INFO: Epoch 16: head: Default, loss=0.02652438, RMSE_E_per_atom=   20.21 meV, RMSE_F=  161.46 meV / A, RMSE_stress=    6.13 meV / A^3
2026-03-24 13:17:07.568 INFO: Epoch 17: head: Default, loss=0.02618701, RMSE_E_per_atom=   16.05 meV, RMSE_F=  167.94 meV / A, RMSE_stress=    8.46 meV / A^3
2026-03-24 13:20:02.378 INFO: Epoch 18: head: Default, loss=0.02731060, RMSE_E_per_atom=   31.34 meV, RMSE_F=  188.50 meV / A, RMSE_stress=   11.64 meV / A^3
2026-03-24 13:22:56.993 INFO: Epoch 19: head: Default, loss=0.02445917, RMSE_E_per_atom=   10.85 meV, RMSE_F=  155.57 meV / A, RMSE_stress=    6.17 meV / A^3
2026-03-24 13:22:56.996 DEBUG: Deleting old checkpoint file: ./checkpoints/mace-mh-1_finetuned_FeB_run-123_epoch-14.pt
2026-03-24 13:22:56.999 DEBUG: Saving checkpoint: ./checkpoints/mace-mh-1_finetuned_FeB_run-123_epoch-19.pt
2026-03-24 13:25:51.734 INFO: Epoch 20: head: Default, loss=0.02558874, RMSE_E_per_atom=   12.84 meV, RMSE_F=  191.71 meV / A, RMSE_stress=    7.67 meV / A^3
2026-03-24 13:28:46.222 INFO: Epoch 21: head: Default, loss=0.02497404, RMSE_E_per_atom=   29.17 meV, RMSE_F=  158.60 meV / A, RMSE_stress=   10.85 meV / A^3
2026-03-24 13:31:40.635 INFO: Epoch 22: head: Default, loss=0.02518926, RMSE_E_per_atom=   14.15 meV, RMSE_F=  162.50 meV / A, RMSE_stress=    6.87 meV / A^3
2026-03-24 13:34:34.766 INFO: Epoch 23: head: Default, loss=0.02503103, RMSE_E_per_atom=   11.43 meV, RMSE_F=  158.43 meV / A, RMSE_stress=    7.29 meV / A^3
2026-03-24 13:37:28.662 INFO: Epoch 24: head: Default, loss=0.02575574, RMSE_E_per_atom=   15.93 meV, RMSE_F=  187.10 meV / A, RMSE_stress=    7.25 meV / A^3
2026-03-24 13:40:22.576 INFO: Epoch 25: head: Default, loss=0.02495380, RMSE_E_per_atom=   11.75 meV, RMSE_F=  155.45 meV / A, RMSE_stress=    6.00 meV / A^3
2026-03-24 13:43:16.419 INFO: Epoch 26: head: Default, loss=0.02543500, RMSE_E_per_atom=   12.28 meV, RMSE_F=  164.16 meV / A, RMSE_stress=    6.86 meV / A^3
2026-03-24 13:46:10.475 INFO: Epoch 27: head: Default, loss=0.02465851, RMSE_E_per_atom=   13.01 meV, RMSE_F=  160.41 meV / A, RMSE_stress=    6.84 meV / A^3
2026-03-24 13:49:04.562 INFO: Epoch 28: head: Default, loss=0.02613731, RMSE_E_per_atom=   10.99 meV, RMSE_F=  164.99 meV / A, RMSE_stress=    6.65 meV / A^3
2026-03-24 13:51:58.748 INFO: Epoch 29: head: Default, loss=0.02507101, RMSE_E_per_atom=   11.94 meV, RMSE_F=  168.79 meV / A, RMSE_stress=    6.27 meV / A^3
2026-03-24 13:54:52.914 INFO: Epoch 30: head: Default, loss=0.02536154, RMSE_E_per_atom=   12.65 meV, RMSE_F=  157.69 meV / A, RMSE_stress=    5.91 meV / A^3
2026-03-24 13:57:47.441 INFO: Epoch 31: head: Default, loss=0.02445677, RMSE_E_per_atom=    7.73 meV, RMSE_F=  156.17 meV / A, RMSE_stress=    5.68 meV / A^3
2026-03-24 13:57:47.444 DEBUG: Deleting old checkpoint file: ./checkpoints/mace-mh-1_finetuned_FeB_run-123_epoch-19.pt
2026-03-24 13:57:47.450 DEBUG: Saving checkpoint: ./checkpoints/mace-mh-1_finetuned_FeB_run-123_epoch-31.pt
2026-03-24 14:00:42.227 INFO: Epoch 32: head: Default, loss=0.02452431, RMSE_E_per_atom=   14.69 meV, RMSE_F=  157.62 meV / A, RMSE_stress=    6.39 meV / A^3
2026-03-24 14:03:36.830 INFO: Epoch 33: head: Default, loss=0.02452064, RMSE_E_per_atom=    8.60 meV, RMSE_F=  157.28 meV / A, RMSE_stress=    5.71 meV / A^3
2026-03-24 14:06:31.294 INFO: Epoch 34: head: Default, loss=0.02555056, RMSE_E_per_atom=   13.74 meV, RMSE_F=  179.46 meV / A, RMSE_stress=    6.04 meV / A^3
2026-03-24 14:09:25.378 INFO: Epoch 35: head: Default, loss=0.02668261, RMSE_E_per_atom=   15.07 meV, RMSE_F=  174.05 meV / A, RMSE_stress=    5.95 meV / A^3
2026-03-24 14:12:19.604 INFO: Epoch 36: head: Default, loss=0.02468734, RMSE_E_per_atom=    6.34 meV, RMSE_F=  158.90 meV / A, RMSE_stress=    5.68 meV / A^3
2026-03-24 14:15:14.052 INFO: Epoch 37: head: Default, loss=0.02446913, RMSE_E_per_atom=   10.33 meV, RMSE_F=  160.62 meV / A, RMSE_stress=    5.24 meV / A^3
2026-03-24 14:18:08.249 INFO: Epoch 38: head: Default, loss=0.02456604, RMSE_E_per_atom=    8.93 meV, RMSE_F=  163.23 meV / A, RMSE_stress=    5.34 meV / A^3
2026-03-24 14:21:02.436 INFO: Epoch 39: head: Default, loss=0.02496005, RMSE_E_per_atom=   12.75 meV, RMSE_F=  170.72 meV / A, RMSE_stress=    5.80 meV / A^3
2026-03-24 14:23:56.969 INFO: Epoch 40: head: Default, loss=0.02500050, RMSE_E_per_atom=    8.12 meV, RMSE_F=  159.05 meV / A, RMSE_stress=    5.03 meV / A^3
2026-03-24 14:26:51.601 INFO: Epoch 41: head: Default, loss=0.02443783, RMSE_E_per_atom=    6.92 meV, RMSE_F=  156.76 meV / A, RMSE_stress=    5.18 meV / A^3
2026-03-24 14:26:51.604 DEBUG: Deleting old checkpoint file: ./checkpoints/mace-mh-1_finetuned_FeB_run-123_epoch-31.pt
2026-03-24 14:26:51.609 DEBUG: Saving checkpoint: ./checkpoints/mace-mh-1_finetuned_FeB_run-123_epoch-41.pt
2026-03-24 14:29:46.052 INFO: Epoch 42: head: Default, loss=0.02517322, RMSE_E_per_atom=    8.35 meV, RMSE_F=  164.39 meV / A, RMSE_stress=    5.31 meV / A^3
2026-03-24 14:32:40.008 INFO: Epoch 43: head: Default, loss=0.02471947, RMSE_E_per_atom=   10.09 meV, RMSE_F=  160.09 meV / A, RMSE_stress=    5.68 meV / A^3
2026-03-24 14:35:33.477 INFO: Epoch 44: head: Default, loss=0.02554932, RMSE_E_per_atom=   14.21 meV, RMSE_F=  175.14 meV / A, RMSE_stress=    7.05 meV / A^3
2026-03-24 14:38:27.199 INFO: Epoch 45: head: Default, loss=0.02518941, RMSE_E_per_atom=   12.08 meV, RMSE_F=  168.94 meV / A, RMSE_stress=    5.96 meV / A^3
2026-03-24 14:41:21.371 INFO: Epoch 46: head: Default, loss=0.02530384, RMSE_E_per_atom=   10.04 meV, RMSE_F=  161.22 meV / A, RMSE_stress=    5.44 meV / A^3
2026-03-24 14:44:17.874 INFO: Epoch 47: head: Default, loss=0.02455653, RMSE_E_per_atom=    7.63 meV, RMSE_F=  163.05 meV / A, RMSE_stress=    5.10 meV / A^3
2026-03-24 14:47:14.188 INFO: Epoch 48: head: Default, loss=0.02492992, RMSE_E_per_atom=    7.13 meV, RMSE_F=  162.10 meV / A, RMSE_stress=    5.74 meV / A^3
2026-03-24 14:50:10.054 INFO: Epoch 49: head: Default, loss=0.02517707, RMSE_E_per_atom=    9.55 meV, RMSE_F=  168.70 meV / A, RMSE_stress=    6.38 meV / A^3
2026-03-24 14:53:06.147 INFO: Epoch 50: head: Default, loss=0.02558404, RMSE_E_per_atom=   12.50 meV, RMSE_F=  164.33 meV / A, RMSE_stress=    6.62 meV / A^3
2026-03-24 14:56:02.817 INFO: Epoch 51: head: Default, loss=0.02532066, RMSE_E_per_atom=   11.63 meV, RMSE_F=  178.32 meV / A, RMSE_stress=    5.65 meV / A^3
2026-03-24 14:58:59.194 INFO: Epoch 52: head: Default, loss=0.02541229, RMSE_E_per_atom=   13.22 meV, RMSE_F=  163.07 meV / A, RMSE_stress=    5.71 meV / A^3
2026-03-24 15:01:56.059 INFO: Epoch 53: head: Default, loss=0.02505691, RMSE_E_per_atom=   10.50 meV, RMSE_F=  164.93 meV / A, RMSE_stress=    5.52 meV / A^3
2026-03-24 15:04:53.049 INFO: Epoch 54: head: Default, loss=0.02519835, RMSE_E_per_atom=    7.00 meV, RMSE_F=  165.86 meV / A, RMSE_stress=    5.46 meV / A^3
2026-03-24 15:07:50.123 INFO: Epoch 55: head: Default, loss=0.02530696, RMSE_E_per_atom=    6.05 meV, RMSE_F=  165.52 meV / A, RMSE_stress=    5.32 meV / A^3
2026-03-24 15:10:47.146 INFO: Epoch 56: head: Default, loss=0.02485693, RMSE_E_per_atom=    7.63 meV, RMSE_F=  162.39 meV / A, RMSE_stress=    4.91 meV / A^3
2026-03-24 15:13:44.279 INFO: Epoch 57: head: Default, loss=0.02518577, RMSE_E_per_atom=    8.12 meV, RMSE_F=  164.16 meV / A, RMSE_stress=    5.73 meV / A^3
2026-03-24 15:16:41.068 INFO: Epoch 58: head: Default, loss=0.02529493, RMSE_E_per_atom=    6.62 meV, RMSE_F=  169.27 meV / A, RMSE_stress=    5.54 meV / A^3
2026-03-24 15:19:37.679 INFO: Epoch 59: head: Default, loss=0.02499967, RMSE_E_per_atom=    7.38 meV, RMSE_F=  164.19 meV / A, RMSE_stress=    4.87 meV / A^3
2026-03-24 15:22:33.825 INFO: Epoch 60: head: Default, loss=0.02504842, RMSE_E_per_atom=    5.32 meV, RMSE_F=  164.89 meV / A, RMSE_stress=    4.94 meV / A^3
2026-03-24 15:25:30.519 INFO: Epoch 61: head: Default, loss=0.02522311, RMSE_E_per_atom=    5.68 meV, RMSE_F=  166.01 meV / A, RMSE_stress=    4.66 meV / A^3
2026-03-24 15:25:30.521 INFO: Stopping optimization after 20 epochs without improvement
2026-03-24 15:28:26.938 INFO: Epoch 62: head: Default, loss=0.02533639, RMSE_E_per_atom=    5.78 meV, RMSE_F=  166.06 meV / A, RMSE_stress=    5.45 meV / A^3
2026-03-24 15:28:26.940 INFO: Stopping optimization after 21 epochs without improvement
2026-03-24 15:31:24.245 INFO: Epoch 63: head: Default, loss=0.02524537, RMSE_E_per_atom=    8.35 meV, RMSE_F=  168.30 meV / A, RMSE_stress=    5.20 meV / A^3
2026-03-24 15:31:24.246 INFO: Stopping optimization after 22 epochs without improvement
2026-03-24 15:34:21.044 INFO: Epoch 64: head: Default, loss=0.02567274, RMSE_E_per_atom=    7.22 meV, RMSE_F=  173.18 meV / A, RMSE_stress=    5.14 meV / A^3
2026-03-24 15:34:21.046 INFO: Stopping optimization after 23 epochs without improvement
2026-03-24 15:37:17.626 INFO: Epoch 65: head: Default, loss=0.02521187, RMSE_E_per_atom=    5.63 meV, RMSE_F=  167.19 meV / A, RMSE_stress=    5.59 meV / A^3
2026-03-24 15:37:17.627 INFO: Stopping optimization after 24 epochs without improvement
2026-03-24 15:40:14.314 INFO: Epoch 66: head: Default, loss=0.02509038, RMSE_E_per_atom=    6.89 meV, RMSE_F=  166.63 meV / A, RMSE_stress=    5.30 meV / A^3
2026-03-24 15:40:14.316 INFO: Stopping optimization after 25 epochs without improvement
2026-03-24 15:43:12.101 INFO: Epoch 67: head: Default, loss=0.02570784, RMSE_E_per_atom=    7.66 meV, RMSE_F=  172.02 meV / A, RMSE_stress=    5.15 meV / A^3
2026-03-24 15:43:12.102 INFO: Stopping optimization after 26 epochs without improvement
2026-03-24 15:46:08.810 INFO: Epoch 68: head: Default, loss=0.02527486, RMSE_E_per_atom=    6.11 meV, RMSE_F=  167.89 meV / A, RMSE_stress=    5.01 meV / A^3
2026-03-24 15:46:08.811 INFO: Stopping optimization after 27 epochs without improvement
2026-03-24 15:49:04.553 INFO: Epoch 69: head: Default, loss=0.02530705, RMSE_E_per_atom=    7.35 meV, RMSE_F=  166.90 meV / A, RMSE_stress=    4.82 meV / A^3
2026-03-24 15:49:04.555 INFO: Stopping optimization after 28 epochs without improvement
2026-03-24 15:52:01.157 INFO: Epoch 70: head: Default, loss=0.02526933, RMSE_E_per_atom=    7.05 meV, RMSE_F=  168.35 meV / A, RMSE_stress=    4.77 meV / A^3
2026-03-24 15:52:01.159 INFO: Stopping optimization after 29 epochs without improvement
2026-03-24 15:54:57.491 INFO: Epoch 71: head: Default, loss=0.02546426, RMSE_E_per_atom=    7.29 meV, RMSE_F=  168.49 meV / A, RMSE_stress=    4.88 meV / A^3
2026-03-24 15:54:57.493 INFO: Stopping optimization after 30 epochs without improvement
2026-03-24 15:57:53.403 INFO: Epoch 72: head: Default, loss=0.02540867, RMSE_E_per_atom=    5.94 meV, RMSE_F=  167.36 meV / A, RMSE_stress=    4.66 meV / A^3
2026-03-24 15:57:53.405 INFO: Stopping optimization after 31 epochs without improvement
2026-03-24 16:00:49.074 INFO: Epoch 73: head: Default, loss=0.02543565, RMSE_E_per_atom=    7.70 meV, RMSE_F=  168.38 meV / A, RMSE_stress=    4.76 meV / A^3
2026-03-24 16:00:49.076 INFO: Stopping optimization after 32 epochs without improvement
2026-03-24 16:03:44.595 INFO: Epoch 74: head: Default, loss=0.02546921, RMSE_E_per_atom=    7.84 meV, RMSE_F=  170.28 meV / A, RMSE_stress=    4.80 meV / A^3
2026-03-24 16:03:44.597 INFO: Stopping optimization after 33 epochs without improvement
2026-03-24 16:06:40.134 INFO: Epoch 75: head: Default, loss=0.02554658, RMSE_E_per_atom=    5.80 meV, RMSE_F=  168.09 meV / A, RMSE_stress=    4.78 meV / A^3
2026-03-24 16:06:40.136 INFO: Stopping optimization after 34 epochs without improvement
2026-03-24 16:09:35.447 INFO: Epoch 76: head: Default, loss=0.02550595, RMSE_E_per_atom=    6.79 meV, RMSE_F=  171.07 meV / A, RMSE_stress=    5.04 meV / A^3
2026-03-24 16:09:35.448 INFO: Stopping optimization after 35 epochs without improvement
2026-03-24 16:12:30.987 INFO: Epoch 77: head: Default, loss=0.02533341, RMSE_E_per_atom=    6.42 meV, RMSE_F=  169.02 meV / A, RMSE_stress=    4.64 meV / A^3
2026-03-24 16:12:30.989 INFO: Stopping optimization after 36 epochs without improvement
2026-03-24 16:15:26.822 INFO: Epoch 78: head: Default, loss=0.02550824, RMSE_E_per_atom=    5.61 meV, RMSE_F=  169.90 meV / A, RMSE_stress=    5.00 meV / A^3
2026-03-24 16:15:26.824 INFO: Stopping optimization after 37 epochs without improvement
2026-03-24 16:18:22.652 INFO: Epoch 79: head: Default, loss=0.02552180, RMSE_E_per_atom=    5.98 meV, RMSE_F=  170.33 meV / A, RMSE_stress=    4.74 meV / A^3
2026-03-24 16:18:22.653 INFO: Stopping optimization after 38 epochs without improvement
2026-03-24 16:21:18.035 INFO: Epoch 80: head: Default, loss=0.02544450, RMSE_E_per_atom=    6.45 meV, RMSE_F=  169.17 meV / A, RMSE_stress=    4.57 meV / A^3
2026-03-24 16:21:18.037 INFO: Stopping optimization after 39 epochs without improvement
2026-03-24 16:24:14.314 INFO: Epoch 81: head: Default, loss=0.02558132, RMSE_E_per_atom=   11.55 meV, RMSE_F=  169.76 meV / A, RMSE_stress=    5.91 meV / A^3
2026-03-24 16:24:14.316 INFO: Stopping optimization after 40 epochs without improvement
2026-03-24 16:27:10.517 INFO: Epoch 82: head: Default, loss=0.02564602, RMSE_E_per_atom=    5.52 meV, RMSE_F=  171.77 meV / A, RMSE_stress=    5.02 meV / A^3
2026-03-24 16:27:10.519 INFO: Stopping optimization after 41 epochs without improvement
2026-03-24 16:30:07.117 INFO: Epoch 83: head: Default, loss=0.02575916, RMSE_E_per_atom=    9.18 meV, RMSE_F=  170.44 meV / A, RMSE_stress=    4.82 meV / A^3
2026-03-24 16:30:07.119 INFO: Stopping optimization after 42 epochs without improvement
2026-03-24 16:33:02.911 INFO: Epoch 84: head: Default, loss=0.02561828, RMSE_E_per_atom=    5.24 meV, RMSE_F=  170.63 meV / A, RMSE_stress=    4.84 meV / A^3
2026-03-24 16:33:02.912 INFO: Stopping optimization after 43 epochs without improvement
2026-03-24 16:35:58.473 INFO: Epoch 85: head: Default, loss=0.02574864, RMSE_E_per_atom=    7.97 meV, RMSE_F=  170.39 meV / A, RMSE_stress=    4.76 meV / A^3
2026-03-24 16:35:58.475 INFO: Stopping optimization after 44 epochs without improvement
2026-03-24 16:38:53.402 INFO: Epoch 86: head: Default, loss=0.02598568, RMSE_E_per_atom=    5.36 meV, RMSE_F=  170.48 meV / A, RMSE_stress=    4.82 meV / A^3
2026-03-24 16:38:53.403 INFO: Stopping optimization after 45 epochs without improvement
2026-03-24 16:41:48.203 INFO: Epoch 87: head: Default, loss=0.02558735, RMSE_E_per_atom=    6.20 meV, RMSE_F=  171.43 meV / A, RMSE_stress=    4.75 meV / A^3
2026-03-24 16:41:48.204 INFO: Stopping optimization after 46 epochs without improvement
2026-03-24 16:44:43.839 INFO: Epoch 88: head: Default, loss=0.02564739, RMSE_E_per_atom=    5.87 meV, RMSE_F=  170.45 meV / A, RMSE_stress=    4.79 meV / A^3
2026-03-24 16:44:43.840 INFO: Stopping optimization after 47 epochs without improvement
2026-03-24 16:47:39.892 INFO: Epoch 89: head: Default, loss=0.02576947, RMSE_E_per_atom=    7.61 meV, RMSE_F=  172.03 meV / A, RMSE_stress=    4.72 meV / A^3
2026-03-24 16:47:39.894 INFO: Stopping optimization after 48 epochs without improvement
2026-03-24 16:50:35.265 INFO: Epoch 90: head: Default, loss=0.02585061, RMSE_E_per_atom=    5.29 meV, RMSE_F=  172.16 meV / A, RMSE_stress=    4.66 meV / A^3
2026-03-24 16:50:35.267 INFO: Stopping optimization after 49 epochs without improvement
2026-03-24 16:53:31.715 INFO: Epoch 91: head: Default, loss=0.02579707, RMSE_E_per_atom=    6.06 meV, RMSE_F=  173.10 meV / A, RMSE_stress=    4.70 meV / A^3
2026-03-24 16:53:31.717 INFO: Stopping optimization after 50 epochs without improvement
2026-03-24 16:56:28.253 INFO: Epoch 92: head: Default, loss=0.02583091, RMSE_E_per_atom=    7.57 meV, RMSE_F=  172.79 meV / A, RMSE_stress=    4.75 meV / A^3
2026-03-24 16:56:28.254 INFO: Stopping optimization after 51 epochs without improvement
2026-03-24 16:59:24.273 INFO: Epoch 93: head: Default, loss=0.02596687, RMSE_E_per_atom=    5.13 meV, RMSE_F=  174.48 meV / A, RMSE_stress=    4.60 meV / A^3
2026-03-24 16:59:24.275 INFO: Stopping optimization after 52 epochs without improvement
2026-03-24 17:02:20.236 INFO: Epoch 94: head: Default, loss=0.02588307, RMSE_E_per_atom=    7.18 meV, RMSE_F=  174.27 meV / A, RMSE_stress=    4.61 meV / A^3
2026-03-24 17:02:20.273 INFO: Stopping optimization after 53 epochs without improvement
2026-03-24 17:05:16.171 INFO: Epoch 95: head: Default, loss=0.02584514, RMSE_E_per_atom=    6.29 meV, RMSE_F=  171.93 meV / A, RMSE_stress=    4.57 meV / A^3
2026-03-24 17:05:16.173 INFO: Stopping optimization after 54 epochs without improvement
2026-03-24 17:08:12.056 INFO: Epoch 96: head: Default, loss=0.02578316, RMSE_E_per_atom=    5.51 meV, RMSE_F=  172.05 meV / A, RMSE_stress=    4.51 meV / A^3
2026-03-24 17:08:12.058 INFO: Stopping optimization after 55 epochs without improvement
2026-03-24 17:11:07.750 INFO: Epoch 97: head: Default, loss=0.02572291, RMSE_E_per_atom=    5.81 meV, RMSE_F=  171.75 meV / A, RMSE_stress=    4.55 meV / A^3
2026-03-24 17:11:07.754 INFO: Stopping optimization after 56 epochs without improvement
2026-03-24 17:14:03.486 INFO: Epoch 98: head: Default, loss=0.02575686, RMSE_E_per_atom=    8.17 meV, RMSE_F=  172.24 meV / A, RMSE_stress=    4.59 meV / A^3
2026-03-24 17:14:03.488 INFO: Stopping optimization after 57 epochs without improvement
2026-03-24 17:16:59.212 INFO: Epoch 99: head: Default, loss=0.02599435, RMSE_E_per_atom=    5.40 meV, RMSE_F=  173.29 meV / A, RMSE_stress=    4.80 meV / A^3
2026-03-24 17:16:59.214 INFO: Stopping optimization after 58 epochs without improvement
2026-03-24 17:19:55.248 INFO: Epoch 100: head: Default, loss=0.02600964, RMSE_E_per_atom=    5.61 meV, RMSE_F=  176.11 meV / A, RMSE_stress=    4.69 meV / A^3
2026-03-24 17:19:55.250 INFO: Stopping optimization after 59 epochs without improvement
2026-03-24 17:22:51.483 INFO: Epoch 101: head: Default, loss=0.02593484, RMSE_E_per_atom=    4.90 meV, RMSE_F=  173.40 meV / A, RMSE_stress=    4.60 meV / A^3
2026-03-24 17:22:51.485 INFO: Stopping optimization after 60 epochs without improvement
2026-03-24 17:25:48.362 INFO: Epoch 102: head: Default, loss=0.02589184, RMSE_E_per_atom=    6.38 meV, RMSE_F=  172.76 meV / A, RMSE_stress=    4.58 meV / A^3
2026-03-24 17:25:48.364 INFO: Stopping optimization after 61 epochs without improvement
2026-03-24 17:28:45.199 INFO: Epoch 103: head: Default, loss=0.02589653, RMSE_E_per_atom=    4.83 meV, RMSE_F=  173.11 meV / A, RMSE_stress=    4.55 meV / A^3
2026-03-24 17:28:45.200 INFO: Stopping optimization after 62 epochs without improvement
2026-03-24 17:31:41.358 INFO: Epoch 104: head: Default, loss=0.02599562, RMSE_E_per_atom=    5.97 meV, RMSE_F=  173.61 meV / A, RMSE_stress=    4.53 meV / A^3
2026-03-24 17:31:41.359 INFO: Stopping optimization after 63 epochs without improvement
2026-03-24 17:34:37.881 INFO: Epoch 105: head: Default, loss=0.02591959, RMSE_E_per_atom=    5.71 meV, RMSE_F=  173.50 meV / A, RMSE_stress=    4.53 meV / A^3
2026-03-24 17:34:37.882 INFO: Stopping optimization after 64 epochs without improvement
2026-03-24 17:37:33.989 INFO: Epoch 106: head: Default, loss=0.02593343, RMSE_E_per_atom=    5.41 meV, RMSE_F=  172.95 meV / A, RMSE_stress=    4.58 meV / A^3
2026-03-24 17:37:33.990 INFO: Stopping optimization after 65 epochs without improvement
2026-03-24 17:40:30.177 INFO: Epoch 107: head: Default, loss=0.02609309, RMSE_E_per_atom=    5.53 meV, RMSE_F=  174.15 meV / A, RMSE_stress=    4.55 meV / A^3
2026-03-24 17:40:30.179 INFO: Stopping optimization after 66 epochs without improvement
2026-03-24 17:43:26.593 INFO: Epoch 108: head: Default, loss=0.02598732, RMSE_E_per_atom=    5.49 meV, RMSE_F=  174.41 meV / A, RMSE_stress=    4.53 meV / A^3
2026-03-24 17:43:26.595 INFO: Stopping optimization after 67 epochs without improvement
2026-03-24 17:46:22.313 INFO: Epoch 109: head: Default, loss=0.02606990, RMSE_E_per_atom=    4.96 meV, RMSE_F=  175.28 meV / A, RMSE_stress=    4.57 meV / A^3
2026-03-24 17:46:22.316 INFO: Stopping optimization after 68 epochs without improvement
2026-03-24 17:49:18.126 INFO: Epoch 110: head: Default, loss=0.02598701, RMSE_E_per_atom=    5.35 meV, RMSE_F=  173.96 meV / A, RMSE_stress=    4.57 meV / A^3
2026-03-24 17:49:18.127 INFO: Stopping optimization after 69 epochs without improvement
2026-03-24 17:52:14.506 INFO: Epoch 111: head: Default, loss=0.02611478, RMSE_E_per_atom=    4.95 meV, RMSE_F=  175.09 meV / A, RMSE_stress=    4.45 meV / A^3
2026-03-24 17:52:14.507 INFO: Stopping optimization after 70 epochs without improvement
2026-03-24 17:55:10.605 INFO: Epoch 112: head: Default, loss=0.02600273, RMSE_E_per_atom=    4.96 meV, RMSE_F=  174.40 meV / A, RMSE_stress=    4.57 meV / A^3
2026-03-24 17:55:10.606 INFO: Stopping optimization after 71 epochs without improvement
2026-03-24 17:58:06.048 INFO: Epoch 113: head: Default, loss=0.02626161, RMSE_E_per_atom=    5.62 meV, RMSE_F=  175.04 meV / A, RMSE_stress=    4.59 meV / A^3
2026-03-24 17:58:06.050 INFO: Stopping optimization after 72 epochs without improvement
2026-03-24 18:01:02.010 INFO: Epoch 114: head: Default, loss=0.02606921, RMSE_E_per_atom=    4.75 meV, RMSE_F=  174.67 meV / A, RMSE_stress=    4.57 meV / A^3
2026-03-24 18:01:02.012 INFO: Stopping optimization after 73 epochs without improvement
2026-03-24 18:03:57.905 INFO: Epoch 115: head: Default, loss=0.02616349, RMSE_E_per_atom=    5.55 meV, RMSE_F=  174.79 meV / A, RMSE_stress=    4.59 meV / A^3
2026-03-24 18:03:57.907 INFO: Stopping optimization after 74 epochs without improvement
2026-03-24 18:06:54.715 INFO: Epoch 116: head: Default, loss=0.02619952, RMSE_E_per_atom=    5.21 meV, RMSE_F=  176.43 meV / A, RMSE_stress=    4.69 meV / A^3
2026-03-24 18:06:54.717 INFO: Stopping optimization after 75 epochs without improvement
2026-03-24 18:09:50.964 INFO: Epoch 117: head: Default, loss=0.02626908, RMSE_E_per_atom=    5.68 meV, RMSE_F=  175.97 meV / A, RMSE_stress=    4.50 meV / A^3
2026-03-24 18:09:50.965 INFO: Stopping optimization after 76 epochs without improvement
2026-03-24 18:12:47.140 INFO: Epoch 118: head: Default, loss=0.02616018, RMSE_E_per_atom=    4.63 meV, RMSE_F=  175.36 meV / A, RMSE_stress=    4.58 meV / A^3
2026-03-24 18:12:47.142 INFO: Stopping optimization after 77 epochs without improvement
2026-03-24 18:15:43.403 INFO: Epoch 119: head: Default, loss=0.02608555, RMSE_E_per_atom=    5.29 meV, RMSE_F=  174.84 meV / A, RMSE_stress=    4.48 meV / A^3
2026-03-24 18:15:43.405 INFO: Stopping optimization after 78 epochs without improvement
2026-03-24 18:18:39.489 INFO: Epoch 120: head: Default, loss=0.02633427, RMSE_E_per_atom=    4.91 meV, RMSE_F=  176.95 meV / A, RMSE_stress=    4.51 meV / A^3
2026-03-24 18:18:39.490 INFO: Stopping optimization after 79 epochs without improvement
2026-03-24 18:21:35.169 INFO: Epoch 121: head: Default, loss=0.02621918, RMSE_E_per_atom=    6.34 meV, RMSE_F=  175.62 meV / A, RMSE_stress=    4.48 meV / A^3
2026-03-24 18:21:35.170 INFO: Stopping optimization after 80 epochs without improvement
2026-03-24 18:24:31.860 INFO: Epoch 122: head: Default, loss=0.02628554, RMSE_E_per_atom=    4.92 meV, RMSE_F=  176.12 meV / A, RMSE_stress=    4.47 meV / A^3
2026-03-24 18:24:31.861 INFO: Stopping optimization after 81 epochs without improvement
2026-03-24 18:27:27.759 INFO: Epoch 123: head: Default, loss=0.02628482, RMSE_E_per_atom=    4.75 meV, RMSE_F=  176.37 meV / A, RMSE_stress=    4.53 meV / A^3
2026-03-24 18:27:27.761 INFO: Stopping optimization after 82 epochs without improvement
2026-03-24 18:30:23.963 INFO: Epoch 124: head: Default, loss=0.02621168, RMSE_E_per_atom=    4.89 meV, RMSE_F=  175.93 meV / A, RMSE_stress=    4.54 meV / A^3
2026-03-24 18:30:23.965 INFO: Stopping optimization after 83 epochs without improvement
2026-03-24 18:33:20.589 INFO: Epoch 125: head: Default, loss=0.02634266, RMSE_E_per_atom=    6.40 meV, RMSE_F=  176.88 meV / A, RMSE_stress=    4.54 meV / A^3
2026-03-24 18:33:20.591 INFO: Stopping optimization after 84 epochs without improvement
2026-03-24 18:36:17.817 INFO: Epoch 126: head: Default, loss=0.02626345, RMSE_E_per_atom=    5.26 meV, RMSE_F=  176.22 meV / A, RMSE_stress=    4.46 meV / A^3
2026-03-24 18:36:17.818 INFO: Stopping optimization after 85 epochs without improvement
2026-03-24 18:39:14.186 INFO: Epoch 127: head: Default, loss=0.02619339, RMSE_E_per_atom=    4.57 meV, RMSE_F=  175.89 meV / A, RMSE_stress=    4.47 meV / A^3
2026-03-24 18:39:14.188 INFO: Stopping optimization after 86 epochs without improvement
2026-03-24 18:42:10.341 INFO: Epoch 128: head: Default, loss=0.02632743, RMSE_E_per_atom=    5.02 meV, RMSE_F=  176.84 meV / A, RMSE_stress=    4.55 meV / A^3
2026-03-24 18:42:10.343 INFO: Stopping optimization after 87 epochs without improvement
2026-03-24 18:45:05.875 INFO: Epoch 129: head: Default, loss=0.02639890, RMSE_E_per_atom=    4.79 meV, RMSE_F=  177.33 meV / A, RMSE_stress=    4.44 meV / A^3
2026-03-24 18:45:05.877 INFO: Stopping optimization after 88 epochs without improvement
2026-03-24 18:48:01.477 INFO: Epoch 130: head: Default, loss=0.02633247, RMSE_E_per_atom=    4.66 meV, RMSE_F=  176.96 meV / A, RMSE_stress=    4.54 meV / A^3
2026-03-24 18:48:01.479 INFO: Stopping optimization after 89 epochs without improvement
2026-03-24 18:50:57.323 INFO: Epoch 131: head: Default, loss=0.02630552, RMSE_E_per_atom=    4.71 meV, RMSE_F=  176.55 meV / A, RMSE_stress=    4.46 meV / A^3
2026-03-24 18:50:57.325 INFO: Stopping optimization after 90 epochs without improvement
2026-03-24 18:53:53.170 INFO: Epoch 132: head: Default, loss=0.02633422, RMSE_E_per_atom=    4.67 meV, RMSE_F=  177.04 meV / A, RMSE_stress=    4.52 meV / A^3
2026-03-24 18:53:53.171 INFO: Stopping optimization after 91 epochs without improvement
2026-03-24 18:56:49.058 INFO: Epoch 133: head: Default, loss=0.02639317, RMSE_E_per_atom=    4.71 meV, RMSE_F=  176.87 meV / A, RMSE_stress=    4.52 meV / A^3
2026-03-24 18:56:49.059 INFO: Stopping optimization after 92 epochs without improvement
2026-03-24 18:59:46.209 INFO: Epoch 134: head: Default, loss=0.02642865, RMSE_E_per_atom=    5.33 meV, RMSE_F=  177.43 meV / A, RMSE_stress=    4.46 meV / A^3
2026-03-24 18:59:46.210 INFO: Stopping optimization after 93 epochs without improvement
2026-03-24 19:02:42.441 INFO: Epoch 135: head: Default, loss=0.02641198, RMSE_E_per_atom=    5.06 meV, RMSE_F=  178.13 meV / A, RMSE_stress=    4.52 meV / A^3
2026-03-24 19:02:42.442 INFO: Stopping optimization after 94 epochs without improvement
2026-03-24 19:05:38.427 INFO: Epoch 136: head: Default, loss=0.02642905, RMSE_E_per_atom=    5.13 meV, RMSE_F=  177.14 meV / A, RMSE_stress=    4.46 meV / A^3
2026-03-24 19:05:38.428 INFO: Stopping optimization after 95 epochs without improvement
2026-03-24 19:08:33.841 INFO: Epoch 137: head: Default, loss=0.02640209, RMSE_E_per_atom=    5.58 meV, RMSE_F=  177.24 meV / A, RMSE_stress=    4.46 meV / A^3
2026-03-24 19:08:33.842 INFO: Stopping optimization after 96 epochs without improvement
2026-03-24 19:11:30.094 INFO: Epoch 138: head: Default, loss=0.02634359, RMSE_E_per_atom=    4.75 meV, RMSE_F=  177.03 meV / A, RMSE_stress=    4.48 meV / A^3
2026-03-24 19:11:30.096 INFO: Stopping optimization after 97 epochs without improvement
2026-03-24 19:14:26.755 INFO: Epoch 139: head: Default, loss=0.02642942, RMSE_E_per_atom=    5.11 meV, RMSE_F=  177.28 meV / A, RMSE_stress=    4.49 meV / A^3
2026-03-24 19:14:26.756 INFO: Stopping optimization after 98 epochs without improvement
2026-03-24 19:17:23.043 INFO: Epoch 140: head: Default, loss=0.02644450, RMSE_E_per_atom=    4.88 meV, RMSE_F=  177.70 meV / A, RMSE_stress=    4.50 meV / A^3
2026-03-24 19:17:23.045 INFO: Stopping optimization after 99 epochs without improvement
2026-03-24 19:20:19.409 INFO: Epoch 141: head: Default, loss=0.02645375, RMSE_E_per_atom=    4.59 meV, RMSE_F=  177.65 meV / A, RMSE_stress=    4.47 meV / A^3
2026-03-24 19:20:19.411 INFO: Stopping optimization after 100 epochs without improvement
2026-03-24 19:23:15.720 INFO: Epoch 142: head: Default, loss=0.02646491, RMSE_E_per_atom=    4.77 meV, RMSE_F=  177.75 meV / A, RMSE_stress=    4.41 meV / A^3
2026-03-24 19:23:15.722 INFO: Stopping optimization after 101 epochs without improvement
2026-03-24 19:26:12.252 INFO: Epoch 143: head: Default, loss=0.02644807, RMSE_E_per_atom=    4.63 meV, RMSE_F=  177.83 meV / A, RMSE_stress=    4.47 meV / A^3
2026-03-24 19:26:12.254 INFO: Stopping optimization after 102 epochs without improvement
2026-03-24 19:29:07.981 INFO: Epoch 144: head: Default, loss=0.02642713, RMSE_E_per_atom=    5.06 meV, RMSE_F=  177.52 meV / A, RMSE_stress=    4.52 meV / A^3
2026-03-24 19:29:07.982 INFO: Stopping optimization after 103 epochs without improvement
2026-03-24 19:32:03.633 INFO: Epoch 145: head: Default, loss=0.02645129, RMSE_E_per_atom=    5.20 meV, RMSE_F=  177.84 meV / A, RMSE_stress=    4.45 meV / A^3
2026-03-24 19:32:03.635 INFO: Stopping optimization after 104 epochs without improvement
2026-03-24 19:34:59.575 INFO: Epoch 146: head: Default, loss=0.02649533, RMSE_E_per_atom=    4.57 meV, RMSE_F=  178.13 meV / A, RMSE_stress=    4.44 meV / A^3
2026-03-24 19:34:59.577 INFO: Stopping optimization after 105 epochs without improvement
2026-03-24 19:37:55.646 INFO: Epoch 147: head: Default, loss=0.02652843, RMSE_E_per_atom=    4.83 meV, RMSE_F=  178.09 meV / A, RMSE_stress=    4.41 meV / A^3
2026-03-24 19:37:55.648 INFO: Stopping optimization after 106 epochs without improvement
2026-03-24 19:40:51.580 INFO: Epoch 148: head: Default, loss=0.02652256, RMSE_E_per_atom=    4.78 meV, RMSE_F=  178.13 meV / A, RMSE_stress=    4.46 meV / A^3
2026-03-24 19:40:51.581 INFO: Stopping optimization after 107 epochs without improvement
2026-03-24 19:43:47.238 INFO: Epoch 149: head: Default, loss=0.02651603, RMSE_E_per_atom=    4.79 meV, RMSE_F=  178.30 meV / A, RMSE_stress=    4.45 meV / A^3
2026-03-24 19:43:47.240 INFO: Stopping optimization after 108 epochs without improvement
2026-03-24 19:46:43.491 INFO: Epoch 150: head: Default, loss=0.02655510, RMSE_E_per_atom=    4.73 meV, RMSE_F=  178.71 meV / A, RMSE_stress=    4.46 meV / A^3
2026-03-24 19:46:43.493 INFO: Stopping optimization after 109 epochs without improvement
2026-03-24 19:49:40.673 INFO: Epoch 151: head: Default, loss=0.02656390, RMSE_E_per_atom=    4.88 meV, RMSE_F=  178.99 meV / A, RMSE_stress=    4.44 meV / A^3
2026-03-24 19:49:40.716 INFO: Stopping optimization after 110 epochs without improvement
2026-03-24 19:52:36.320 INFO: Epoch 152: head: Default, loss=0.02655536, RMSE_E_per_atom=    4.64 meV, RMSE_F=  178.46 meV / A, RMSE_stress=    4.41 meV / A^3
2026-03-24 19:52:36.321 INFO: Stopping optimization after 111 epochs without improvement
2026-03-24 19:55:32.767 INFO: Epoch 153: head: Default, loss=0.02658009, RMSE_E_per_atom=    4.68 meV, RMSE_F=  178.60 meV / A, RMSE_stress=    4.43 meV / A^3
2026-03-24 19:55:32.769 INFO: Stopping optimization after 112 epochs without improvement
2026-03-24 19:58:28.937 INFO: Epoch 154: head: Default, loss=0.02655040, RMSE_E_per_atom=    4.72 meV, RMSE_F=  178.39 meV / A, RMSE_stress=    4.42 meV / A^3
2026-03-24 19:58:28.939 INFO: Stopping optimization after 113 epochs without improvement
2026-03-24 20:01:25.066 INFO: Epoch 155: head: Default, loss=0.02656535, RMSE_E_per_atom=    4.74 meV, RMSE_F=  178.67 meV / A, RMSE_stress=    4.42 meV / A^3
2026-03-24 20:01:25.074 INFO: Stopping optimization after 114 epochs without improvement
2026-03-24 20:04:20.576 INFO: Epoch 156: head: Default, loss=0.02658413, RMSE_E_per_atom=    4.68 meV, RMSE_F=  178.80 meV / A, RMSE_stress=    4.42 meV / A^3
2026-03-24 20:04:20.577 INFO: Stopping optimization after 115 epochs without improvement
2026-03-24 20:07:16.873 INFO: Epoch 157: head: Default, loss=0.02657538, RMSE_E_per_atom=    4.65 meV, RMSE_F=  178.73 meV / A, RMSE_stress=    4.43 meV / A^3
2026-03-24 20:07:16.875 INFO: Stopping optimization after 116 epochs without improvement
2026-03-24 20:10:12.708 INFO: Epoch 158: head: Default, loss=0.02658533, RMSE_E_per_atom=    4.67 meV, RMSE_F=  178.69 meV / A, RMSE_stress=    4.43 meV / A^3
2026-03-24 20:10:12.710 INFO: Stopping optimization after 117 epochs without improvement
2026-03-24 20:13:09.055 INFO: Epoch 159: head: Default, loss=0.02663027, RMSE_E_per_atom=    4.61 meV, RMSE_F=  179.19 meV / A, RMSE_stress=    4.49 meV / A^3
2026-03-24 20:13:09.056 INFO: Stopping optimization after 118 epochs without improvement
2026-03-24 20:16:05.591 INFO: Epoch 160: head: Default, loss=0.02660434, RMSE_E_per_atom=    4.63 meV, RMSE_F=  179.07 meV / A, RMSE_stress=    4.48 meV / A^3
2026-03-24 20:16:05.593 INFO: Stopping optimization after 119 epochs without improvement
2026-03-24 20:19:01.987 INFO: Epoch 161: head: Default, loss=0.02660899, RMSE_E_per_atom=    4.68 meV, RMSE_F=  178.86 meV / A, RMSE_stress=    4.41 meV / A^3
2026-03-24 20:19:01.992 INFO: Stopping optimization after 120 epochs without improvement
2026-03-24 20:21:58.186 INFO: Epoch 162: head: Default, loss=0.02662909, RMSE_E_per_atom=    4.67 meV, RMSE_F=  179.11 meV / A, RMSE_stress=    4.42 meV / A^3
2026-03-24 20:21:58.187 INFO: Stopping optimization after 121 epochs without improvement
2026-03-24 20:24:54.086 INFO: Epoch 163: head: Default, loss=0.02665055, RMSE_E_per_atom=    4.64 meV, RMSE_F=  179.36 meV / A, RMSE_stress=    4.43 meV / A^3
2026-03-24 20:24:54.087 INFO: Stopping optimization after 122 epochs without improvement
2026-03-24 20:27:50.125 INFO: Epoch 164: head: Default, loss=0.02663722, RMSE_E_per_atom=    4.88 meV, RMSE_F=  179.34 meV / A, RMSE_stress=    4.44 meV / A^3
2026-03-24 20:27:50.126 INFO: Stopping optimization after 123 epochs without improvement
2026-03-24 20:30:46.573 INFO: Epoch 165: head: Default, loss=0.02663314, RMSE_E_per_atom=    4.59 meV, RMSE_F=  179.19 meV / A, RMSE_stress=    4.42 meV / A^3
2026-03-24 20:30:46.575 INFO: Stopping optimization after 124 epochs without improvement
2026-03-24 20:33:42.164 INFO: Epoch 166: head: Default, loss=0.02669850, RMSE_E_per_atom=    4.61 meV, RMSE_F=  179.90 meV / A, RMSE_stress=    4.47 meV / A^3
2026-03-24 20:33:42.165 INFO: Stopping optimization after 125 epochs without improvement
2026-03-24 20:36:38.139 INFO: Epoch 167: head: Default, loss=0.02666697, RMSE_E_per_atom=    4.64 meV, RMSE_F=  179.38 meV / A, RMSE_stress=    4.41 meV / A^3
2026-03-24 20:36:38.140 INFO: Stopping optimization after 126 epochs without improvement
2026-03-24 20:39:34.373 INFO: Epoch 168: head: Default, loss=0.02665408, RMSE_E_per_atom=    4.68 meV, RMSE_F=  179.30 meV / A, RMSE_stress=    4.38 meV / A^3
2026-03-24 20:39:34.374 INFO: Stopping optimization after 127 epochs without improvement
2026-03-24 20:42:29.932 INFO: Epoch 169: head: Default, loss=0.02668811, RMSE_E_per_atom=    4.77 meV, RMSE_F=  179.73 meV / A, RMSE_stress=    4.42 meV / A^3
2026-03-24 20:42:29.969 INFO: Stopping optimization after 128 epochs without improvement
2026-03-24 20:45:26.297 INFO: Epoch 170: head: Default, loss=0.02667362, RMSE_E_per_atom=    4.55 meV, RMSE_F=  179.58 meV / A, RMSE_stress=    4.42 meV / A^3
2026-03-24 20:45:26.298 INFO: Stopping optimization after 129 epochs without improvement
2026-03-24 20:48:23.261 INFO: Epoch 171: head: Default, loss=0.02669101, RMSE_E_per_atom=    4.60 meV, RMSE_F=  179.67 meV / A, RMSE_stress=    4.42 meV / A^3
2026-03-24 20:48:23.272 INFO: Stopping optimization after 130 epochs without improvement
2026-03-24 20:51:20.974 INFO: Epoch 172: head: Default, loss=0.02669712, RMSE_E_per_atom=    4.77 meV, RMSE_F=  179.61 meV / A, RMSE_stress=    4.40 meV / A^3
2026-03-24 20:51:20.976 INFO: Stopping optimization after 131 epochs without improvement
2026-03-24 20:54:18.486 INFO: Epoch 173: head: Default, loss=0.02666391, RMSE_E_per_atom=    4.60 meV, RMSE_F=  179.53 meV / A, RMSE_stress=    4.42 meV / A^3
2026-03-24 20:54:18.487 INFO: Stopping optimization after 132 epochs without improvement
2026-03-24 20:57:15.578 INFO: Epoch 174: head: Default, loss=0.02671574, RMSE_E_per_atom=    4.66 meV, RMSE_F=  179.83 meV / A, RMSE_stress=    4.43 meV / A^3
2026-03-24 20:57:15.580 INFO: Stopping optimization after 133 epochs without improvement
2026-03-24 21:00:12.355 INFO: Epoch 175: head: Default, loss=0.02671494, RMSE_E_per_atom=    4.60 meV, RMSE_F=  179.80 meV / A, RMSE_stress=    4.41 meV / A^3
2026-03-24 21:00:12.356 INFO: Stopping optimization after 134 epochs without improvement
2026-03-24 21:03:09.184 INFO: Epoch 176: head: Default, loss=0.02671169, RMSE_E_per_atom=    4.62 meV, RMSE_F=  179.95 meV / A, RMSE_stress=    4.42 meV / A^3
2026-03-24 21:03:09.188 INFO: Stopping optimization after 135 epochs without improvement
2026-03-24 21:06:05.953 INFO: Epoch 177: head: Default, loss=0.02670666, RMSE_E_per_atom=    4.67 meV, RMSE_F=  179.70 meV / A, RMSE_stress=    4.39 meV / A^3
2026-03-24 21:06:05.954 INFO: Stopping optimization after 136 epochs without improvement
2026-03-24 21:09:03.130 INFO: Epoch 178: head: Default, loss=0.02672708, RMSE_E_per_atom=    4.59 meV, RMSE_F=  179.94 meV / A, RMSE_stress=    4.44 meV / A^3
2026-03-24 21:09:03.131 INFO: Stopping optimization after 137 epochs without improvement
2026-03-24 21:12:00.825 INFO: Epoch 179: head: Default, loss=0.02673282, RMSE_E_per_atom=    4.58 meV, RMSE_F=  179.98 meV / A, RMSE_stress=    4.44 meV / A^3
2026-03-24 21:12:00.826 INFO: Stopping optimization after 138 epochs without improvement
2026-03-24 21:14:58.453 INFO: Epoch 180: head: Default, loss=0.02677810, RMSE_E_per_atom=    4.74 meV, RMSE_F=  180.34 meV / A, RMSE_stress=    4.41 meV / A^3
2026-03-24 21:14:58.455 INFO: Stopping optimization after 139 epochs without improvement
2026-03-24 21:17:55.845 INFO: Epoch 181: head: Default, loss=0.02671800, RMSE_E_per_atom=    4.57 meV, RMSE_F=  179.78 meV / A, RMSE_stress=    4.41 meV / A^3
2026-03-24 21:17:55.846 INFO: Stopping optimization after 140 epochs without improvement
2026-03-24 21:20:52.998 INFO: Epoch 182: head: Default, loss=0.02673579, RMSE_E_per_atom=    4.64 meV, RMSE_F=  180.04 meV / A, RMSE_stress=    4.41 meV / A^3
2026-03-24 21:20:53.000 INFO: Stopping optimization after 141 epochs without improvement
2026-03-24 21:23:50.290 INFO: Epoch 183: head: Default, loss=0.02678238, RMSE_E_per_atom=    4.71 meV, RMSE_F=  180.52 meV / A, RMSE_stress=    4.41 meV / A^3
2026-03-24 21:23:50.291 INFO: Stopping optimization after 142 epochs without improvement
2026-03-24 21:26:47.464 INFO: Epoch 184: head: Default, loss=0.02679217, RMSE_E_per_atom=    4.57 meV, RMSE_F=  180.45 meV / A, RMSE_stress=    4.40 meV / A^3
2026-03-24 21:26:47.467 INFO: Stopping optimization after 143 epochs without improvement
2026-03-24 21:29:44.830 INFO: Epoch 185: head: Default, loss=0.02675627, RMSE_E_per_atom=    4.61 meV, RMSE_F=  180.15 meV / A, RMSE_stress=    4.41 meV / A^3
2026-03-24 21:29:44.831 INFO: Stopping optimization after 144 epochs without improvement
2026-03-24 21:32:42.081 INFO: Epoch 186: head: Default, loss=0.02676557, RMSE_E_per_atom=    4.63 meV, RMSE_F=  180.41 meV / A, RMSE_stress=    4.42 meV / A^3
2026-03-24 21:32:42.083 INFO: Stopping optimization after 145 epochs without improvement
2026-03-24 21:35:39.223 INFO: Epoch 187: head: Default, loss=0.02676992, RMSE_E_per_atom=    4.71 meV, RMSE_F=  180.40 meV / A, RMSE_stress=    4.46 meV / A^3
2026-03-24 21:35:39.224 INFO: Stopping optimization after 146 epochs without improvement
2026-03-24 21:38:36.381 INFO: Epoch 188: head: Default, loss=0.02675944, RMSE_E_per_atom=    4.64 meV, RMSE_F=  180.18 meV / A, RMSE_stress=    4.41 meV / A^3
2026-03-24 21:38:36.383 INFO: Stopping optimization after 147 epochs without improvement
2026-03-24 21:41:33.249 INFO: Epoch 189: head: Default, loss=0.02677385, RMSE_E_per_atom=    4.61 meV, RMSE_F=  180.32 meV / A, RMSE_stress=    4.41 meV / A^3
2026-03-24 21:41:33.250 INFO: Stopping optimization after 148 epochs without improvement
2026-03-24 21:44:30.213 INFO: Epoch 190: head: Default, loss=0.02679758, RMSE_E_per_atom=    4.55 meV, RMSE_F=  180.59 meV / A, RMSE_stress=    4.42 meV / A^3
2026-03-24 21:44:30.215 INFO: Stopping optimization after 149 epochs without improvement
2026-03-24 21:47:27.323 INFO: Epoch 191: head: Default, loss=0.02678921, RMSE_E_per_atom=    4.62 meV, RMSE_F=  180.39 meV / A, RMSE_stress=    4.42 meV / A^3
2026-03-24 21:47:27.325 INFO: Stopping optimization after 150 epochs without improvement
2026-03-24 21:50:24.287 INFO: Epoch 192: head: Default, loss=0.02682280, RMSE_E_per_atom=    4.71 meV, RMSE_F=  180.79 meV / A, RMSE_stress=    4.44 meV / A^3
2026-03-24 21:50:24.289 INFO: Stopping optimization after 151 epochs without improvement
2026-03-24 21:53:21.056 INFO: Epoch 193: head: Default, loss=0.02684040, RMSE_E_per_atom=    4.58 meV, RMSE_F=  180.80 meV / A, RMSE_stress=    4.42 meV / A^3
2026-03-24 21:53:21.057 INFO: Stopping optimization after 152 epochs without improvement
2026-03-24 21:56:18.107 INFO: Epoch 194: head: Default, loss=0.02682946, RMSE_E_per_atom=    4.55 meV, RMSE_F=  180.71 meV / A, RMSE_stress=    4.41 meV / A^3
2026-03-24 21:56:18.109 INFO: Stopping optimization after 153 epochs without improvement
2026-03-24 21:59:15.764 INFO: Epoch 195: head: Default, loss=0.02681556, RMSE_E_per_atom=    4.57 meV, RMSE_F=  180.62 meV / A, RMSE_stress=    4.41 meV / A^3
2026-03-24 21:59:15.765 INFO: Stopping optimization after 154 epochs without improvement
2026-03-24 22:02:12.883 INFO: Epoch 196: head: Default, loss=0.02682720, RMSE_E_per_atom=    4.59 meV, RMSE_F=  180.70 meV / A, RMSE_stress=    4.41 meV / A^3
2026-03-24 22:02:12.885 INFO: Stopping optimization after 155 epochs without improvement
2026-03-24 22:05:09.787 INFO: Epoch 197: head: Default, loss=0.02681600, RMSE_E_per_atom=    4.58 meV, RMSE_F=  180.64 meV / A, RMSE_stress=    4.41 meV / A^3
2026-03-24 22:05:09.789 INFO: Stopping optimization after 156 epochs without improvement
2026-03-24 22:08:06.524 INFO: Epoch 198: head: Default, loss=0.02681790, RMSE_E_per_atom=    4.57 meV, RMSE_F=  180.70 meV / A, RMSE_stress=    4.40 meV / A^3
2026-03-24 22:08:06.525 INFO: Stopping optimization after 157 epochs without improvement
2026-03-24 22:11:02.960 INFO: Epoch 199: head: Default, loss=0.02682660, RMSE_E_per_atom=    4.70 meV, RMSE_F=  180.74 meV / A, RMSE_stress=    4.41 meV / A^3
2026-03-24 22:11:02.962 INFO: Stopping optimization after 158 epochs without improvement
2026-03-24 22:11:02.963 INFO: Training complete
2026-03-24 22:11:02.964 INFO: 
2026-03-24 22:11:02.966 INFO: ===========RESULTS===========
2026-03-24 22:11:02.970 INFO: Loading checkpoint: ./checkpoints/mace-mh-1_finetuned_FeB_run-123_epoch-41.pt
2026-03-24 22:11:03.188 INFO: Loaded Stage one model from epoch 41 for evaluation
2026-03-24 22:11:03.189 INFO: Saving model to checkpoints/mace-mh-1_finetuned_FeB_run-123.model
2026-03-24 22:11:03.583 INFO: Compiling model, saving metadata to mace-mh-1_finetuned_FeB_compiled.model
2026-03-24 22:11:04.971 INFO: Computing metrics for training, validation, and test sets
2026-03-24 22:11:04.973 INFO: Skipping evaluation for heads: ['pt_head']
2026-03-24 22:11:04.975 INFO: Evaluating train_Default ...
2026-03-24 22:13:13.509 INFO: Evaluating valid_Default ...
2026-03-24 22:13:21.753 INFO: Error-table on TRAIN and VALID:
+---------------+---------------------+------------------+-------------------+---------------------------------------+
|  config_type  | RMSE E / meV / atom | RMSE F / meV / A | relative F RMSE % | RMSE Stress (Virials) / meV / A (A^3) |
+---------------+---------------------+------------------+-------------------+---------------------------------------+
| train_Default |            5.6      |        102.6     |          5.78     |                     5.2               |
| valid_Default |            6.9      |        156.8     |          8.69     |                     5.2               |
+---------------+---------------------+------------------+-------------------+---------------------------------------+
2026-03-24 22:13:21.755 DEBUG: Running inference on train_Default dataset
2026-03-24 22:16:44.678 DEBUG: Running inference on valid_Default dataset
2026-03-24 22:17:40.170 INFO: Done
